============================================================
Time  2017/03/16 11:29:47 964 
============================================================
[2017/03/16 11:29:47 966] auth       579  SYS_MSG_LOAD  
[2017/03/16 11:29:47 966] auth       546  AUTH_MSG_LOCAL_CHECK  
[2017/03/16 11:29:47 966] auth       573  read auth file failed! err=  11200  
============================================================
Time  2017/03/16 11:32:46 076 
============================================================
[2017/03/16 11:32:46 078] auth       579  SYS_MSG_LOAD  
[2017/03/16 11:32:46 079] auth       546  AUTH_MSG_LOCAL_CHECK  
[2017/03/16 11:32:46 079] auth       573  read auth file failed! err=  11200  
============================================================
Time  2017/03/16 11:52:53 087 
============================================================
[2017/03/16 11:52:53 089] auth       579  SYS_MSG_LOAD  
[2017/03/16 11:52:53 089] auth       546  AUTH_MSG_LOCAL_CHECK  
[2017/03/16 11:52:53 090] auth       573  read auth file failed! err=  11200  
============================================================
Time  2017/03/16 12:35:24 980 
============================================================
[2017/03/16 12:35:24 982] auth       579  SYS_MSG_LOAD  
[2017/03/16 12:35:24 983] auth       546  AUTH_MSG_LOCAL_CHECK  
[2017/03/16 12:35:24 983] auth       573  read auth file failed! err=  11200  
============================================================
Time  2017/03/16 13:14:49 166 
============================================================
[2017/03/16 13:14:49 168] auth       579  SYS_MSG_LOAD  
[2017/03/16 13:14:49 169] auth       546  AUTH_MSG_LOCAL_CHECK  
[2017/03/16 13:14:49 169] auth       573  read auth file failed! err=  11200  
============================================================
Time  2017/03/16 13:45:45 644 
============================================================
[2017/03/16 13:45:45 647] auth       579  SYS_MSG_LOAD  
[2017/03/16 13:45:45 647] auth       546  AUTH_MSG_LOCAL_CHECK  
[2017/03/16 13:45:45 647] auth       573  read auth file failed! err=  11200  
============================================================
Time  2017/03/16 14:13:13 836 
============================================================
[2017/03/16 14:13:13 839] auth       579  SYS_MSG_LOAD  
[2017/03/16 14:13:13 840] auth       546  AUTH_MSG_LOCAL_CHECK  
[2017/03/16 14:13:13 840] auth       573  read auth file failed! err=  11200  
============================================================
Time  2017/03/16 14:45:06 840 
============================================================
[2017/03/16 14:45:06 842] auth       579  SYS_MSG_LOAD  
[2017/03/16 14:45:06 842] auth       546  AUTH_MSG_LOCAL_CHECK  
[2017/03/16 14:45:06 843] auth       573  read auth file failed! err=  11200  
============================================================
Time  2017/03/16 18:21:06 208 
============================================================
[2017/03/16 18:21:06 211] auth       579  SYS_MSG_LOAD  
[2017/03/16 18:21:06 211] auth       546  AUTH_MSG_LOCAL_CHECK  
[2017/03/16 18:21:06 211] auth       573  read auth file failed! err=  11200  
============================================================
Time  2017/03/16 18:23:13 593 
============================================================
[2017/03/16 18:23:13 594] auth       579  SYS_MSG_LOAD  
[2017/03/16 18:23:13 595] auth       546  AUTH_MSG_LOCAL_CHECK  
[2017/03/16 18:23:13 595] auth       573  read auth file failed! err=  11200  
============================================================
Time  2017/03/17 11:19:41 643 
============================================================
[2017/03/17 11:19:41 645] auth       579  SYS_MSG_LOAD  
[2017/03/17 11:19:41 645] auth       546  AUTH_MSG_LOCAL_CHECK  
[2017/03/17 11:19:41 646] auth       573  read auth file failed! err=  11200  
============================================================
Time  2017/03/17 11:27:58 593 
============================================================
[2017/03/17 11:27:58 594] auth       579  SYS_MSG_LOAD  
[2017/03/17 11:27:58 594] auth       546  AUTH_MSG_LOCAL_CHECK  
[2017/03/17 11:27:58 594] auth       573  read auth file failed! err=  11200  
============================================================
Time  2017/03/17 11:41:08 141 
============================================================
[2017/03/17 11:41:08 144] auth       579  SYS_MSG_LOAD  
[2017/03/17 11:41:08 144] auth       546  AUTH_MSG_LOCAL_CHECK  
[2017/03/17 11:41:08 145] auth       573  read auth file failed! err=  11200  
============================================================
Time  2017/03/17 11:50:32 923 
============================================================
[2017/03/17 11:50:32 923] auth       579  SYS_MSG_LOAD  
[2017/03/17 11:50:32 923] auth       546  AUTH_MSG_LOCAL_CHECK  
[2017/03/17 11:50:32 923] auth       573  read auth file failed! err=  11200  
============================================================
Time  2017/03/17 12:00:31 149 
============================================================
[2017/03/17 12:00:31 152] auth       579  SYS_MSG_LOAD  
[2017/03/17 12:00:31 152] auth       546  AUTH_MSG_LOCAL_CHECK  
[2017/03/17 12:00:31 158] auth       573  read auth file failed! err=  11200  
